{"timestamp": "2025-11-10T06:12:33.609346", "level": "ERROR", "message": "Standards ingestion failed", "module": "logging_config", "function": "_log", "line_number": 196, "context": {"pdf_path": "NC Music Standards and Resources/Kindergarten GM Unpacking - Google Docs.pdf", "db_path": null}, "error_details": {"type": "AttributeError", "message": "type object 'ProgressTracker' has no attribute 'get_pdf_processing_tracker'", "traceback": "Traceback (most recent call last):\n  File \"/Users/cnowlin/Developer/pocket_musec/cli/commands/ingest.py\", line 83, in standards\n    progress_tracker = ProgressTracker.get_pdf_processing_tracker()\n                       ^^^^^^^^^^^^^^^^^^^^^^^^^^^^^^^^^^^^^^^^^^\nAttributeError: type object 'ProgressTracker' has no attribute 'get_pdf_processing_tracker'\n"}, "user_id": null, "session_id": "16906b77"}
{"timestamp": "2025-11-10T06:12:33.611020", "level": "ERROR", "message": "Failed operation: standards_ingestion", "module": "logging_config", "function": "_log", "line_number": 196, "context": {"operation": "standards_ingestion", "duration_seconds": 0.0, "failed": true}, "error_details": {"type": "Exit", "message": "1", "traceback": "Traceback (most recent call last):\n  File \"/Users/cnowlin/Developer/pocket_musec/cli/commands/ingest.py\", line 83, in standards\n    progress_tracker = ProgressTracker.get_pdf_processing_tracker()\n                       ^^^^^^^^^^^^^^^^^^^^^^^^^^^^^^^^^^^^^^^^^^\nAttributeError: type object 'ProgressTracker' has no attribute 'get_pdf_processing_tracker'\n\nDuring handling of the above exception, another exception occurred:\n\nTraceback (most recent call last):\n  File \"/Users/cnowlin/Developer/pocket_musec/backend/utils/logging_config.py\", line 270, in log_performance\n    yield\n  File \"/Users/cnowlin/Developer/pocket_musec/cli/commands/ingest.py\", line 137, in standards\n    raise typer.Exit(1)\nclick.exceptions.Exit: 1\n"}, "user_id": null, "session_id": "16906b77"}
{"timestamp": "2025-11-10T06:13:01.468696", "level": "ERROR", "message": "Failed operation: database_save", "module": "logging_config", "function": "_log", "line_number": 196, "context": {"operation": "database_save", "duration_seconds": 0.0, "failed": true}, "error_details": {"type": "IntegrityError", "message": "UNIQUE constraint failed: standards.standard_id", "traceback": "Traceback (most recent call last):\n  File \"/Users/cnowlin/Developer/pocket_musec/backend/utils/logging_config.py\", line 270, in log_performance\n    yield\n  File \"/Users/cnowlin/Developer/pocket_musec/cli/commands/ingest.py\", line 104, in standards\n    _save_standards(db_manager, standards, objectives)\n  File \"/Users/cnowlin/Developer/pocket_musec/cli/commands/ingest.py\", line 158, in _save_standards\n    conn.execute(\nsqlite3.IntegrityError: UNIQUE constraint failed: standards.standard_id\n"}, "user_id": null, "session_id": "d4215088"}
{"timestamp": "2025-11-10T06:13:01.469796", "level": "ERROR", "message": "Standards ingestion failed", "module": "logging_config", "function": "_log", "line_number": 196, "context": {"pdf_path": "NC Music Standards and Resources/Kindergarten GM Unpacking - Google Docs.pdf", "db_path": null}, "error_details": {"type": "IntegrityError", "message": "UNIQUE constraint failed: standards.standard_id", "traceback": "Traceback (most recent call last):\n  File \"/Users/cnowlin/Developer/pocket_musec/cli/commands/ingest.py\", line 104, in standards\n    _save_standards(db_manager, standards, objectives)\n  File \"/Users/cnowlin/Developer/pocket_musec/cli/commands/ingest.py\", line 158, in _save_standards\n    conn.execute(\nsqlite3.IntegrityError: UNIQUE constraint failed: standards.standard_id\n"}, "user_id": null, "session_id": "d4215088"}
{"timestamp": "2025-11-10T09:40:50.488297", "level": "ERROR", "message": "Auto ingestion failed", "module": "logging_config", "function": "_log", "line_number": 196, "context": {"pdf_path": "NC Music Standards and Resources/Kindergarten GM Unpacking - Google Docs.pdf", "db_path": null}, "error_details": {"type": "Exit", "message": "0", "traceback": "Traceback (most recent call last):\n  File \"/Users/cnowlin/Developer/pocket_musec/cli/commands/ingest.py\", line 230, in auto\n    raise typer.Exit(0)\nclick.exceptions.Exit: 0\n"}, "user_id": null, "session_id": "fa1adf1b"}
{"timestamp": "2025-11-10T09:40:50.493758", "level": "ERROR", "message": "Failed operation: auto_ingestion", "module": "logging_config", "function": "_log", "line_number": 196, "context": {"operation": "auto_ingestion", "duration_seconds": 0.16, "failed": true}, "error_details": {"type": "Exit", "message": "1", "traceback": "Traceback (most recent call last):\n  File \"/Users/cnowlin/Developer/pocket_musec/cli/commands/ingest.py\", line 230, in auto\n    raise typer.Exit(0)\nclick.exceptions.Exit: 0\n\nDuring handling of the above exception, another exception occurred:\n\nTraceback (most recent call last):\n  File \"/Users/cnowlin/Developer/pocket_musec/backend/utils/logging_config.py\", line 270, in log_performance\n    yield\n  File \"/Users/cnowlin/Developer/pocket_musec/cli/commands/ingest.py\", line 256, in auto\n    raise typer.Exit(1)\nclick.exceptions.Exit: 1\n"}, "user_id": null, "session_id": "fa1adf1b"}
