{"timestamp": "2025-11-10T06:12:33.605805", "level": "INFO", "message": "Starting standards ingestion", "module": "logging_config", "function": "_log", "line_number": 196, "context": {"pdf_path": "NC Music Standards and Resources/Kindergarten GM Unpacking - Google Docs.pdf", "db_path": null, "force": true, "use_vision": false}, "error_details": null, "user_id": null, "session_id": "16906b77"}
{"timestamp": "2025-11-10T06:12:33.607504", "level": "DEBUG", "message": "Starting operation: standards_ingestion", "module": "logging_config", "function": "_log", "line_number": 196, "context": null, "error_details": null, "user_id": null, "session_id": "16906b77"}
{"timestamp": "2025-11-10T06:12:33.607568", "level": "INFO", "message": "PDF file validated", "module": "logging_config", "function": "_log", "line_number": 196, "context": {"file_size": 338062}, "error_details": null, "user_id": null, "session_id": "16906b77"}
{"timestamp": "2025-11-10T06:12:33.608508", "level": "INFO", "message": "Database initialized", "module": "logging_config", "function": "_log", "line_number": 196, "context": null, "error_details": null, "user_id": null, "session_id": "16906b77"}
{"timestamp": "2025-11-10T06:12:33.609346", "level": "ERROR", "message": "Standards ingestion failed", "module": "logging_config", "function": "_log", "line_number": 196, "context": {"pdf_path": "NC Music Standards and Resources/Kindergarten GM Unpacking - Google Docs.pdf", "db_path": null}, "error_details": {"type": "AttributeError", "message": "type object 'ProgressTracker' has no attribute 'get_pdf_processing_tracker'", "traceback": "Traceback (most recent call last):\n  File \"/Users/cnowlin/Developer/pocket_musec/cli/commands/ingest.py\", line 83, in standards\n    progress_tracker = ProgressTracker.get_pdf_processing_tracker()\n                       ^^^^^^^^^^^^^^^^^^^^^^^^^^^^^^^^^^^^^^^^^^\nAttributeError: type object 'ProgressTracker' has no attribute 'get_pdf_processing_tracker'\n"}, "user_id": null, "session_id": "16906b77"}
{"timestamp": "2025-11-10T06:12:33.611020", "level": "ERROR", "message": "Failed operation: standards_ingestion", "module": "logging_config", "function": "_log", "line_number": 196, "context": {"operation": "standards_ingestion", "duration_seconds": 0.0, "failed": true}, "error_details": {"type": "Exit", "message": "1", "traceback": "Traceback (most recent call last):\n  File \"/Users/cnowlin/Developer/pocket_musec/cli/commands/ingest.py\", line 83, in standards\n    progress_tracker = ProgressTracker.get_pdf_processing_tracker()\n                       ^^^^^^^^^^^^^^^^^^^^^^^^^^^^^^^^^^^^^^^^^^\nAttributeError: type object 'ProgressTracker' has no attribute 'get_pdf_processing_tracker'\n\nDuring handling of the above exception, another exception occurred:\n\nTraceback (most recent call last):\n  File \"/Users/cnowlin/Developer/pocket_musec/backend/utils/logging_config.py\", line 270, in log_performance\n    yield\n  File \"/Users/cnowlin/Developer/pocket_musec/cli/commands/ingest.py\", line 137, in standards\n    raise typer.Exit(1)\nclick.exceptions.Exit: 1\n"}, "user_id": null, "session_id": "16906b77"}
{"timestamp": "2025-11-10T06:13:00.235777", "level": "INFO", "message": "Starting standards ingestion", "module": "logging_config", "function": "_log", "line_number": 196, "context": {"pdf_path": "NC Music Standards and Resources/Kindergarten GM Unpacking - Google Docs.pdf", "db_path": null, "force": true, "use_vision": false}, "error_details": null, "user_id": null, "session_id": "d4215088"}
{"timestamp": "2025-11-10T06:13:00.237525", "level": "DEBUG", "message": "Starting operation: standards_ingestion", "module": "logging_config", "function": "_log", "line_number": 196, "context": null, "error_details": null, "user_id": null, "session_id": "d4215088"}
{"timestamp": "2025-11-10T06:13:00.237590", "level": "INFO", "message": "PDF file validated", "module": "logging_config", "function": "_log", "line_number": 196, "context": {"file_size": 338062}, "error_details": null, "user_id": null, "session_id": "d4215088"}
{"timestamp": "2025-11-10T06:13:00.238545", "level": "INFO", "message": "Database initialized", "module": "logging_config", "function": "_log", "line_number": 196, "context": null, "error_details": null, "user_id": null, "session_id": "d4215088"}
{"timestamp": "2025-11-10T06:13:00.239130", "level": "DEBUG", "message": "Starting operation: pdf_parsing", "module": "logging_config", "function": "_log", "line_number": 196, "context": null, "error_details": null, "user_id": null, "session_id": "d4215088"}
{"timestamp": "2025-11-10T06:13:01.465582", "level": "INFO", "message": "PDF parsed successfully", "module": "logging_config", "function": "_log", "line_number": 196, "context": {"parsed_standards_count": 8}, "error_details": null, "user_id": null, "session_id": "d4215088"}
{"timestamp": "2025-11-10T06:13:01.466245", "level": "INFO", "message": "Completed operation: pdf_parsing", "module": "logging_config", "function": "_log", "line_number": 196, "context": {"operation": "pdf_parsing", "duration_seconds": 1.23, "start_time": "2025-11-10T06:13:00.239125", "end_time": "2025-11-10T06:13:01.466236"}, "error_details": null, "user_id": null, "session_id": "d4215088"}
{"timestamp": "2025-11-10T06:13:01.466936", "level": "DEBUG", "message": "Starting operation: model_conversion", "module": "logging_config", "function": "_log", "line_number": 196, "context": null, "error_details": null, "user_id": null, "session_id": "d4215088"}
{"timestamp": "2025-11-10T06:13:01.467059", "level": "INFO", "message": "Models converted successfully", "module": "logging_config", "function": "_log", "line_number": 196, "context": {"standards_count": 8, "objectives_count": 20}, "error_details": null, "user_id": null, "session_id": "d4215088"}
{"timestamp": "2025-11-10T06:13:01.467531", "level": "INFO", "message": "Completed operation: model_conversion", "module": "logging_config", "function": "_log", "line_number": 196, "context": {"operation": "model_conversion", "duration_seconds": 0.0, "start_time": "2025-11-10T06:13:01.466925", "end_time": "2025-11-10T06:13:01.467525"}, "error_details": null, "user_id": null, "session_id": "d4215088"}
{"timestamp": "2025-11-10T06:13:01.468155", "level": "DEBUG", "message": "Starting operation: database_save", "module": "logging_config", "function": "_log", "line_number": 196, "context": null, "error_details": null, "user_id": null, "session_id": "d4215088"}
{"timestamp": "2025-11-10T06:13:01.468696", "level": "ERROR", "message": "Failed operation: database_save", "module": "logging_config", "function": "_log", "line_number": 196, "context": {"operation": "database_save", "duration_seconds": 0.0, "failed": true}, "error_details": {"type": "IntegrityError", "message": "UNIQUE constraint failed: standards.standard_id", "traceback": "Traceback (most recent call last):\n  File \"/Users/cnowlin/Developer/pocket_musec/backend/utils/logging_config.py\", line 270, in log_performance\n    yield\n  File \"/Users/cnowlin/Developer/pocket_musec/cli/commands/ingest.py\", line 104, in standards\n    _save_standards(db_manager, standards, objectives)\n  File \"/Users/cnowlin/Developer/pocket_musec/cli/commands/ingest.py\", line 158, in _save_standards\n    conn.execute(\nsqlite3.IntegrityError: UNIQUE constraint failed: standards.standard_id\n"}, "user_id": null, "session_id": "d4215088"}
{"timestamp": "2025-11-10T06:13:01.469796", "level": "ERROR", "message": "Standards ingestion failed", "module": "logging_config", "function": "_log", "line_number": 196, "context": {"pdf_path": "NC Music Standards and Resources/Kindergarten GM Unpacking - Google Docs.pdf", "db_path": null}, "error_details": {"type": "IntegrityError", "message": "UNIQUE constraint failed: standards.standard_id", "traceback": "Traceback (most recent call last):\n  File \"/Users/cnowlin/Developer/pocket_musec/cli/commands/ingest.py\", line 104, in standards\n    _save_standards(db_manager, standards, objectives)\n  File \"/Users/cnowlin/Developer/pocket_musec/cli/commands/ingest.py\", line 158, in _save_standards\n    conn.execute(\nsqlite3.IntegrityError: UNIQUE constraint failed: standards.standard_id\n"}, "user_id": null, "session_id": "d4215088"}
{"timestamp": "2025-11-10T06:13:25.508980", "level": "INFO", "message": "Starting standards ingestion", "module": "logging_config", "function": "_log", "line_number": 196, "context": {"pdf_path": "NC Music Standards and Resources/Kindergarten GM Unpacking - Google Docs.pdf", "db_path": null, "force": true, "use_vision": false}, "error_details": null, "user_id": null, "session_id": "c07511e8"}
{"timestamp": "2025-11-10T06:13:25.510595", "level": "DEBUG", "message": "Starting operation: standards_ingestion", "module": "logging_config", "function": "_log", "line_number": 196, "context": null, "error_details": null, "user_id": null, "session_id": "c07511e8"}
{"timestamp": "2025-11-10T06:13:25.510658", "level": "INFO", "message": "PDF file validated", "module": "logging_config", "function": "_log", "line_number": 196, "context": {"file_size": 338062}, "error_details": null, "user_id": null, "session_id": "c07511e8"}
{"timestamp": "2025-11-10T06:13:25.511598", "level": "INFO", "message": "Database initialized", "module": "logging_config", "function": "_log", "line_number": 196, "context": null, "error_details": null, "user_id": null, "session_id": "c07511e8"}
{"timestamp": "2025-11-10T06:13:25.513053", "level": "INFO", "message": "Existing standards cleared", "module": "logging_config", "function": "_log", "line_number": 196, "context": null, "error_details": null, "user_id": null, "session_id": "c07511e8"}
{"timestamp": "2025-11-10T06:13:25.513741", "level": "DEBUG", "message": "Starting operation: pdf_parsing", "module": "logging_config", "function": "_log", "line_number": 196, "context": null, "error_details": null, "user_id": null, "session_id": "c07511e8"}
{"timestamp": "2025-11-10T06:13:26.730060", "level": "INFO", "message": "PDF parsed successfully", "module": "logging_config", "function": "_log", "line_number": 196, "context": {"parsed_standards_count": 8}, "error_details": null, "user_id": null, "session_id": "c07511e8"}
{"timestamp": "2025-11-10T06:13:26.730703", "level": "INFO", "message": "Completed operation: pdf_parsing", "module": "logging_config", "function": "_log", "line_number": 196, "context": {"operation": "pdf_parsing", "duration_seconds": 1.22, "start_time": "2025-11-10T06:13:25.513735", "end_time": "2025-11-10T06:13:26.730691"}, "error_details": null, "user_id": null, "session_id": "c07511e8"}
{"timestamp": "2025-11-10T06:13:26.731330", "level": "DEBUG", "message": "Starting operation: model_conversion", "module": "logging_config", "function": "_log", "line_number": 196, "context": null, "error_details": null, "user_id": null, "session_id": "c07511e8"}
{"timestamp": "2025-11-10T06:13:26.731454", "level": "INFO", "message": "Models converted successfully", "module": "logging_config", "function": "_log", "line_number": 196, "context": {"standards_count": 8, "objectives_count": 20}, "error_details": null, "user_id": null, "session_id": "c07511e8"}
{"timestamp": "2025-11-10T06:13:26.731886", "level": "INFO", "message": "Completed operation: model_conversion", "module": "logging_config", "function": "_log", "line_number": 196, "context": {"operation": "model_conversion", "duration_seconds": 0.0, "start_time": "2025-11-10T06:13:26.731324", "end_time": "2025-11-10T06:13:26.731880"}, "error_details": null, "user_id": null, "session_id": "c07511e8"}
{"timestamp": "2025-11-10T06:13:26.732472", "level": "DEBUG", "message": "Starting operation: database_save", "module": "logging_config", "function": "_log", "line_number": 196, "context": null, "error_details": null, "user_id": null, "session_id": "c07511e8"}
{"timestamp": "2025-11-10T06:13:26.733417", "level": "INFO", "message": "Data saved to database", "module": "logging_config", "function": "_log", "line_number": 196, "context": null, "error_details": null, "user_id": null, "session_id": "c07511e8"}
{"timestamp": "2025-11-10T06:13:26.733780", "level": "INFO", "message": "Completed operation: database_save", "module": "logging_config", "function": "_log", "line_number": 196, "context": {"operation": "database_save", "duration_seconds": 0.0, "start_time": "2025-11-10T06:13:26.732467", "end_time": "2025-11-10T06:13:26.733774"}, "error_details": null, "user_id": null, "session_id": "c07511e8"}
{"timestamp": "2025-11-10T06:13:26.735392", "level": "INFO", "message": "Standards ingestion completed successfully", "module": "logging_config", "function": "_log", "line_number": 196, "context": {"total_standards": 8, "total_objectives": 20, "average_objectives_per_standard": 2.5, "grade_distribution": {"K": 8}, "strand_distribution": {"CN": 2, "CR": 2, "PR": 2, "RE": 2}, "extraction_method": "hybrid_fallback"}, "error_details": null, "user_id": null, "session_id": "c07511e8"}
{"timestamp": "2025-11-10T06:13:26.736110", "level": "INFO", "message": "Completed operation: standards_ingestion", "module": "logging_config", "function": "_log", "line_number": 196, "context": {"operation": "standards_ingestion", "duration_seconds": 1.23, "start_time": "2025-11-10T06:13:25.510587", "end_time": "2025-11-10T06:13:26.736103"}, "error_details": null, "user_id": null, "session_id": "c07511e8"}
{"timestamp": "2025-11-10T06:37:07.711506", "level": "INFO", "message": "Starting standards ingestion", "module": "logging_config", "function": "_log", "line_number": 196, "context": {"pdf_path": "NC Music Standards and Resources/Kindergarten GM Unpacking - Google Docs.pdf", "db_path": null, "force": true, "use_vision": true}, "error_details": null, "user_id": null, "session_id": "b39f777a"}
{"timestamp": "2025-11-10T06:37:07.713159", "level": "DEBUG", "message": "Starting operation: standards_ingestion", "module": "logging_config", "function": "_log", "line_number": 196, "context": null, "error_details": null, "user_id": null, "session_id": "b39f777a"}
{"timestamp": "2025-11-10T06:37:07.713223", "level": "INFO", "message": "PDF file validated", "module": "logging_config", "function": "_log", "line_number": 196, "context": {"file_size": 338062}, "error_details": null, "user_id": null, "session_id": "b39f777a"}
{"timestamp": "2025-11-10T06:37:07.714196", "level": "INFO", "message": "Database initialized", "module": "logging_config", "function": "_log", "line_number": 196, "context": null, "error_details": null, "user_id": null, "session_id": "b39f777a"}
{"timestamp": "2025-11-10T06:37:07.715400", "level": "INFO", "message": "Existing standards cleared", "module": "logging_config", "function": "_log", "line_number": 196, "context": null, "error_details": null, "user_id": null, "session_id": "b39f777a"}
{"timestamp": "2025-11-10T06:37:07.716020", "level": "DEBUG", "message": "Starting operation: pdf_parsing", "module": "logging_config", "function": "_log", "line_number": 196, "context": null, "error_details": null, "user_id": null, "session_id": "b39f777a"}
{"timestamp": "2025-11-10T06:41:09.336506", "level": "INFO", "message": "PDF parsed successfully", "module": "logging_config", "function": "_log", "line_number": 196, "context": {"parsed_standards_count": 8}, "error_details": null, "user_id": null, "session_id": "b39f777a"}
{"timestamp": "2025-11-10T06:41:09.337241", "level": "INFO", "message": "Completed operation: pdf_parsing", "module": "logging_config", "function": "_log", "line_number": 196, "context": {"operation": "pdf_parsing", "duration_seconds": 241.62, "start_time": "2025-11-10T06:37:07.716015", "end_time": "2025-11-10T06:41:09.337231"}, "error_details": null, "user_id": null, "session_id": "b39f777a"}
{"timestamp": "2025-11-10T06:41:09.337974", "level": "DEBUG", "message": "Starting operation: model_conversion", "module": "logging_config", "function": "_log", "line_number": 196, "context": null, "error_details": null, "user_id": null, "session_id": "b39f777a"}
{"timestamp": "2025-11-10T06:41:09.338052", "level": "INFO", "message": "Models converted successfully", "module": "logging_config", "function": "_log", "line_number": 196, "context": {"standards_count": 8, "objectives_count": 20}, "error_details": null, "user_id": null, "session_id": "b39f777a"}
{"timestamp": "2025-11-10T06:41:09.338559", "level": "INFO", "message": "Completed operation: model_conversion", "module": "logging_config", "function": "_log", "line_number": 196, "context": {"operation": "model_conversion", "duration_seconds": 0.0, "start_time": "2025-11-10T06:41:09.337969", "end_time": "2025-11-10T06:41:09.338552"}, "error_details": null, "user_id": null, "session_id": "b39f777a"}
{"timestamp": "2025-11-10T06:41:09.339256", "level": "DEBUG", "message": "Starting operation: database_save", "module": "logging_config", "function": "_log", "line_number": 196, "context": null, "error_details": null, "user_id": null, "session_id": "b39f777a"}
{"timestamp": "2025-11-10T06:41:09.340063", "level": "INFO", "message": "Data saved to database", "module": "logging_config", "function": "_log", "line_number": 196, "context": null, "error_details": null, "user_id": null, "session_id": "b39f777a"}
{"timestamp": "2025-11-10T06:41:09.340466", "level": "INFO", "message": "Completed operation: database_save", "module": "logging_config", "function": "_log", "line_number": 196, "context": {"operation": "database_save", "duration_seconds": 0.0, "start_time": "2025-11-10T06:41:09.339252", "end_time": "2025-11-10T06:41:09.340460"}, "error_details": null, "user_id": null, "session_id": "b39f777a"}
{"timestamp": "2025-11-10T06:41:09.342129", "level": "INFO", "message": "Standards ingestion completed successfully", "module": "logging_config", "function": "_log", "line_number": 196, "context": {"total_standards": 8, "total_objectives": 20, "average_objectives_per_standard": 2.5, "grade_distribution": {"K": 8}, "strand_distribution": {"CN": 2, "CR": 2, "PR": 2, "RE": 2}, "extraction_method": "vision"}, "error_details": null, "user_id": null, "session_id": "b39f777a"}
{"timestamp": "2025-11-10T06:41:09.342851", "level": "INFO", "message": "Completed operation: standards_ingestion", "module": "logging_config", "function": "_log", "line_number": 196, "context": {"operation": "standards_ingestion", "duration_seconds": 241.63, "start_time": "2025-11-10T06:37:07.713151", "end_time": "2025-11-10T06:41:09.342842"}, "error_details": null, "user_id": null, "session_id": "b39f777a"}
{"timestamp": "2025-11-10T06:52:16.336603", "level": "INFO", "message": "Starting standards ingestion", "module": "logging_config", "function": "_log", "line_number": 196, "context": {"pdf_path": "NC Music Standards and Resources/First Grade GM Unpacking - Google Docs.pdf", "db_path": null, "force": true, "use_vision": true}, "error_details": null, "user_id": null, "session_id": "a67fc3b8"}
{"timestamp": "2025-11-10T06:52:16.338129", "level": "DEBUG", "message": "Starting operation: standards_ingestion", "module": "logging_config", "function": "_log", "line_number": 196, "context": null, "error_details": null, "user_id": null, "session_id": "a67fc3b8"}
{"timestamp": "2025-11-10T06:52:16.338184", "level": "INFO", "message": "PDF file validated", "module": "logging_config", "function": "_log", "line_number": 196, "context": {"file_size": 384303}, "error_details": null, "user_id": null, "session_id": "a67fc3b8"}
{"timestamp": "2025-11-10T06:52:16.339045", "level": "INFO", "message": "Database initialized", "module": "logging_config", "function": "_log", "line_number": 196, "context": null, "error_details": null, "user_id": null, "session_id": "a67fc3b8"}
{"timestamp": "2025-11-10T06:52:16.340388", "level": "INFO", "message": "Existing standards cleared", "module": "logging_config", "function": "_log", "line_number": 196, "context": null, "error_details": null, "user_id": null, "session_id": "a67fc3b8"}
{"timestamp": "2025-11-10T06:52:16.340986", "level": "DEBUG", "message": "Starting operation: pdf_parsing", "module": "logging_config", "function": "_log", "line_number": 196, "context": null, "error_details": null, "user_id": null, "session_id": "a67fc3b8"}
{"timestamp": "2025-11-10T06:56:39.363217", "level": "INFO", "message": "PDF parsed successfully", "module": "logging_config", "function": "_log", "line_number": 196, "context": {"parsed_standards_count": 9}, "error_details": null, "user_id": null, "session_id": "a67fc3b8"}
{"timestamp": "2025-11-10T06:56:39.363973", "level": "INFO", "message": "Completed operation: pdf_parsing", "module": "logging_config", "function": "_log", "line_number": 196, "context": {"operation": "pdf_parsing", "duration_seconds": 263.02, "start_time": "2025-11-10T06:52:16.340982", "end_time": "2025-11-10T06:56:39.363963"}, "error_details": null, "user_id": null, "session_id": "a67fc3b8"}
{"timestamp": "2025-11-10T06:56:39.364671", "level": "DEBUG", "message": "Starting operation: model_conversion", "module": "logging_config", "function": "_log", "line_number": 196, "context": null, "error_details": null, "user_id": null, "session_id": "a67fc3b8"}
{"timestamp": "2025-11-10T06:56:39.364739", "level": "INFO", "message": "Models converted successfully", "module": "logging_config", "function": "_log", "line_number": 196, "context": {"standards_count": 9, "objectives_count": 21}, "error_details": null, "user_id": null, "session_id": "a67fc3b8"}
{"timestamp": "2025-11-10T06:56:39.365203", "level": "INFO", "message": "Completed operation: model_conversion", "module": "logging_config", "function": "_log", "line_number": 196, "context": {"operation": "model_conversion", "duration_seconds": 0.0, "start_time": "2025-11-10T06:56:39.364665", "end_time": "2025-11-10T06:56:39.365197"}, "error_details": null, "user_id": null, "session_id": "a67fc3b8"}
{"timestamp": "2025-11-10T06:56:39.365826", "level": "DEBUG", "message": "Starting operation: database_save", "module": "logging_config", "function": "_log", "line_number": 196, "context": null, "error_details": null, "user_id": null, "session_id": "a67fc3b8"}
{"timestamp": "2025-11-10T06:56:39.366896", "level": "INFO", "message": "Data saved to database", "module": "logging_config", "function": "_log", "line_number": 196, "context": null, "error_details": null, "user_id": null, "session_id": "a67fc3b8"}
{"timestamp": "2025-11-10T06:56:39.367319", "level": "INFO", "message": "Completed operation: database_save", "module": "logging_config", "function": "_log", "line_number": 196, "context": {"operation": "database_save", "duration_seconds": 0.0, "start_time": "2025-11-10T06:56:39.365822", "end_time": "2025-11-10T06:56:39.367311"}, "error_details": null, "user_id": null, "session_id": "a67fc3b8"}
{"timestamp": "2025-11-10T06:56:39.369087", "level": "INFO", "message": "Standards ingestion completed successfully", "module": "logging_config", "function": "_log", "line_number": 196, "context": {"total_standards": 9, "total_objectives": 21, "average_objectives_per_standard": 2.3333333333333335, "grade_distribution": {"1": 8, "K": 1}, "strand_distribution": {"CN": 2, "CR": 3, "PR": 2, "RE": 2}, "extraction_method": "vision"}, "error_details": null, "user_id": null, "session_id": "a67fc3b8"}
{"timestamp": "2025-11-10T06:56:39.369802", "level": "INFO", "message": "Completed operation: standards_ingestion", "module": "logging_config", "function": "_log", "line_number": 196, "context": {"operation": "standards_ingestion", "duration_seconds": 263.03, "start_time": "2025-11-10T06:52:16.338122", "end_time": "2025-11-10T06:56:39.369796"}, "error_details": null, "user_id": null, "session_id": "a67fc3b8"}
{"timestamp": "2025-11-10T06:56:47.202287", "level": "INFO", "message": "Starting standards ingestion", "module": "logging_config", "function": "_log", "line_number": 196, "context": {"pdf_path": "NC Music Standards and Resources/Second Grade GM Unpacking.pdf", "db_path": null, "force": true, "use_vision": true}, "error_details": null, "user_id": null, "session_id": "5c1133de"}
{"timestamp": "2025-11-10T06:56:47.203879", "level": "DEBUG", "message": "Starting operation: standards_ingestion", "module": "logging_config", "function": "_log", "line_number": 196, "context": null, "error_details": null, "user_id": null, "session_id": "5c1133de"}
{"timestamp": "2025-11-10T06:56:47.203933", "level": "INFO", "message": "PDF file validated", "module": "logging_config", "function": "_log", "line_number": 196, "context": {"file_size": 753656}, "error_details": null, "user_id": null, "session_id": "5c1133de"}
{"timestamp": "2025-11-10T06:56:47.204845", "level": "INFO", "message": "Database initialized", "module": "logging_config", "function": "_log", "line_number": 196, "context": null, "error_details": null, "user_id": null, "session_id": "5c1133de"}
{"timestamp": "2025-11-10T06:56:47.205941", "level": "INFO", "message": "Existing standards cleared", "module": "logging_config", "function": "_log", "line_number": 196, "context": null, "error_details": null, "user_id": null, "session_id": "5c1133de"}
{"timestamp": "2025-11-10T06:56:47.206589", "level": "DEBUG", "message": "Starting operation: pdf_parsing", "module": "logging_config", "function": "_log", "line_number": 196, "context": null, "error_details": null, "user_id": null, "session_id": "5c1133de"}
{"timestamp": "2025-11-10T07:01:14.825608", "level": "INFO", "message": "PDF parsed successfully", "module": "logging_config", "function": "_log", "line_number": 196, "context": {"parsed_standards_count": 8}, "error_details": null, "user_id": null, "session_id": "5c1133de"}
{"timestamp": "2025-11-10T07:01:14.826361", "level": "INFO", "message": "Completed operation: pdf_parsing", "module": "logging_config", "function": "_log", "line_number": 196, "context": {"operation": "pdf_parsing", "duration_seconds": 267.62, "start_time": "2025-11-10T06:56:47.206582", "end_time": "2025-11-10T07:01:14.826351"}, "error_details": null, "user_id": null, "session_id": "5c1133de"}
{"timestamp": "2025-11-10T07:01:14.827053", "level": "DEBUG", "message": "Starting operation: model_conversion", "module": "logging_config", "function": "_log", "line_number": 196, "context": null, "error_details": null, "user_id": null, "session_id": "5c1133de"}
{"timestamp": "2025-11-10T07:01:14.827123", "level": "INFO", "message": "Models converted successfully", "module": "logging_config", "function": "_log", "line_number": 196, "context": {"standards_count": 8, "objectives_count": 20}, "error_details": null, "user_id": null, "session_id": "5c1133de"}
{"timestamp": "2025-11-10T07:01:14.827601", "level": "INFO", "message": "Completed operation: model_conversion", "module": "logging_config", "function": "_log", "line_number": 196, "context": {"operation": "model_conversion", "duration_seconds": 0.0, "start_time": "2025-11-10T07:01:14.827046", "end_time": "2025-11-10T07:01:14.827595"}, "error_details": null, "user_id": null, "session_id": "5c1133de"}
{"timestamp": "2025-11-10T07:01:14.828238", "level": "DEBUG", "message": "Starting operation: database_save", "module": "logging_config", "function": "_log", "line_number": 196, "context": null, "error_details": null, "user_id": null, "session_id": "5c1133de"}
{"timestamp": "2025-11-10T07:01:14.829288", "level": "INFO", "message": "Data saved to database", "module": "logging_config", "function": "_log", "line_number": 196, "context": null, "error_details": null, "user_id": null, "session_id": "5c1133de"}
{"timestamp": "2025-11-10T07:01:14.829769", "level": "INFO", "message": "Completed operation: database_save", "module": "logging_config", "function": "_log", "line_number": 196, "context": {"operation": "database_save", "duration_seconds": 0.0, "start_time": "2025-11-10T07:01:14.828234", "end_time": "2025-11-10T07:01:14.829761"}, "error_details": null, "user_id": null, "session_id": "5c1133de"}
{"timestamp": "2025-11-10T07:01:14.831557", "level": "INFO", "message": "Standards ingestion completed successfully", "module": "logging_config", "function": "_log", "line_number": 196, "context": {"total_standards": 8, "total_objectives": 20, "average_objectives_per_standard": 2.5, "grade_distribution": {"2": 8}, "strand_distribution": {"CN": 2, "CR": 2, "PR": 2, "RE": 2}, "extraction_method": "vision"}, "error_details": null, "user_id": null, "session_id": "5c1133de"}
{"timestamp": "2025-11-10T07:01:14.832349", "level": "INFO", "message": "Completed operation: standards_ingestion", "module": "logging_config", "function": "_log", "line_number": 196, "context": {"operation": "standards_ingestion", "duration_seconds": 267.63, "start_time": "2025-11-10T06:56:47.203872", "end_time": "2025-11-10T07:01:14.832336"}, "error_details": null, "user_id": null, "session_id": "5c1133de"}
{"timestamp": "2025-11-10T08:11:38.074473", "level": "INFO", "message": "Starting standards ingestion", "module": "logging_config", "function": "_log", "line_number": 196, "context": {"pdf_path": "NC Music Standards and Resources/Second Grade GM Unpacking.pdf", "db_path": null, "force": false, "use_vision": true}, "error_details": null, "user_id": null, "session_id": "472558bc"}
{"timestamp": "2025-11-10T08:11:38.076190", "level": "DEBUG", "message": "Starting operation: standards_ingestion", "module": "logging_config", "function": "_log", "line_number": 196, "context": null, "error_details": null, "user_id": null, "session_id": "472558bc"}
{"timestamp": "2025-11-10T08:11:38.076257", "level": "INFO", "message": "PDF file validated", "module": "logging_config", "function": "_log", "line_number": 196, "context": {"file_size": 753656}, "error_details": null, "user_id": null, "session_id": "472558bc"}
{"timestamp": "2025-11-10T08:11:38.078912", "level": "INFO", "message": "Database initialized", "module": "logging_config", "function": "_log", "line_number": 196, "context": null, "error_details": null, "user_id": null, "session_id": "472558bc"}
{"timestamp": "2025-11-10T08:11:38.079692", "level": "DEBUG", "message": "Starting operation: pdf_parsing", "module": "logging_config", "function": "_log", "line_number": 196, "context": null, "error_details": null, "user_id": null, "session_id": "472558bc"}
{"timestamp": "2025-11-10T08:12:40.570060", "level": "INFO", "message": "Starting standards ingestion", "module": "logging_config", "function": "_log", "line_number": 196, "context": {"pdf_path": "NC Music Standards and Resources/Second Grade GM Unpacking.pdf", "db_path": null, "force": false, "use_vision": false}, "error_details": null, "user_id": null, "session_id": "98fbb770"}
{"timestamp": "2025-11-10T08:12:40.571742", "level": "DEBUG", "message": "Starting operation: standards_ingestion", "module": "logging_config", "function": "_log", "line_number": 196, "context": null, "error_details": null, "user_id": null, "session_id": "98fbb770"}
{"timestamp": "2025-11-10T08:12:40.571810", "level": "INFO", "message": "PDF file validated", "module": "logging_config", "function": "_log", "line_number": 196, "context": {"file_size": 753656}, "error_details": null, "user_id": null, "session_id": "98fbb770"}
{"timestamp": "2025-11-10T08:12:40.572766", "level": "INFO", "message": "Database initialized", "module": "logging_config", "function": "_log", "line_number": 196, "context": null, "error_details": null, "user_id": null, "session_id": "98fbb770"}
{"timestamp": "2025-11-10T08:12:40.573448", "level": "DEBUG", "message": "Starting operation: pdf_parsing", "module": "logging_config", "function": "_log", "line_number": 196, "context": null, "error_details": null, "user_id": null, "session_id": "98fbb770"}
{"timestamp": "2025-11-10T08:12:43.025196", "level": "INFO", "message": "PDF parsed successfully", "module": "logging_config", "function": "_log", "line_number": 196, "context": {"parsed_standards_count": 8}, "error_details": null, "user_id": null, "session_id": "98fbb770"}
{"timestamp": "2025-11-10T08:12:43.025891", "level": "INFO", "message": "Completed operation: pdf_parsing", "module": "logging_config", "function": "_log", "line_number": 196, "context": {"operation": "pdf_parsing", "duration_seconds": 2.45, "start_time": "2025-11-10T08:12:40.573443", "end_time": "2025-11-10T08:12:43.025878"}, "error_details": null, "user_id": null, "session_id": "98fbb770"}
{"timestamp": "2025-11-10T08:12:43.026637", "level": "DEBUG", "message": "Starting operation: model_conversion", "module": "logging_config", "function": "_log", "line_number": 196, "context": null, "error_details": null, "user_id": null, "session_id": "98fbb770"}
{"timestamp": "2025-11-10T08:12:43.026786", "level": "INFO", "message": "Models converted successfully", "module": "logging_config", "function": "_log", "line_number": 196, "context": {"standards_count": 8, "objectives_count": 20}, "error_details": null, "user_id": null, "session_id": "98fbb770"}
{"timestamp": "2025-11-10T08:12:43.027432", "level": "INFO", "message": "Completed operation: model_conversion", "module": "logging_config", "function": "_log", "line_number": 196, "context": {"operation": "model_conversion", "duration_seconds": 0.0, "start_time": "2025-11-10T08:12:43.026626", "end_time": "2025-11-10T08:12:43.027422"}, "error_details": null, "user_id": null, "session_id": "98fbb770"}
{"timestamp": "2025-11-10T08:12:43.028317", "level": "DEBUG", "message": "Starting operation: database_save", "module": "logging_config", "function": "_log", "line_number": 196, "context": null, "error_details": null, "user_id": null, "session_id": "98fbb770"}
{"timestamp": "2025-11-10T08:12:43.029028", "level": "INFO", "message": "Data saved to database", "module": "logging_config", "function": "_log", "line_number": 196, "context": null, "error_details": null, "user_id": null, "session_id": "98fbb770"}
{"timestamp": "2025-11-10T08:12:43.029605", "level": "INFO", "message": "Completed operation: database_save", "module": "logging_config", "function": "_log", "line_number": 196, "context": {"operation": "database_save", "duration_seconds": 0.0, "start_time": "2025-11-10T08:12:43.028308", "end_time": "2025-11-10T08:12:43.029596"}, "error_details": null, "user_id": null, "session_id": "98fbb770"}
{"timestamp": "2025-11-10T08:12:43.031453", "level": "INFO", "message": "Standards ingestion completed successfully", "module": "logging_config", "function": "_log", "line_number": 196, "context": {"total_standards": 8, "total_objectives": 20, "average_objectives_per_standard": 2.5, "grade_distribution": {"2": 8}, "strand_distribution": {"CN": 2, "CR": 2, "PR": 2, "RE": 2}, "extraction_method": "hybrid_fallback"}, "error_details": null, "user_id": null, "session_id": "98fbb770"}
{"timestamp": "2025-11-10T08:12:43.032150", "level": "INFO", "message": "Completed operation: standards_ingestion", "module": "logging_config", "function": "_log", "line_number": 196, "context": {"operation": "standards_ingestion", "duration_seconds": 2.46, "start_time": "2025-11-10T08:12:40.571734", "end_time": "2025-11-10T08:12:43.032143"}, "error_details": null, "user_id": null, "session_id": "98fbb770"}
{"timestamp": "2025-11-10T08:39:48.058505", "level": "INFO", "message": "Starting standards ingestion", "module": "logging_config", "function": "_log", "line_number": 196, "context": {"pdf_path": "NC Music Standards and Resources/Final Music NCSCOS - Google Docs.pdf", "db_path": null, "force": true, "use_vision": false}, "error_details": null, "user_id": null, "session_id": "5a8afc19"}
{"timestamp": "2025-11-10T08:39:48.060493", "level": "DEBUG", "message": "Starting operation: standards_ingestion", "module": "logging_config", "function": "_log", "line_number": 196, "context": null, "error_details": null, "user_id": null, "session_id": "5a8afc19"}
{"timestamp": "2025-11-10T08:39:48.060563", "level": "INFO", "message": "PDF file validated", "module": "logging_config", "function": "_log", "line_number": 196, "context": {"file_size": 335826}, "error_details": null, "user_id": null, "session_id": "5a8afc19"}
{"timestamp": "2025-11-10T08:39:48.063390", "level": "INFO", "message": "Database initialized", "module": "logging_config", "function": "_log", "line_number": 196, "context": null, "error_details": null, "user_id": null, "session_id": "5a8afc19"}
{"timestamp": "2025-11-10T08:39:48.065502", "level": "INFO", "message": "Existing standards cleared", "module": "logging_config", "function": "_log", "line_number": 196, "context": null, "error_details": null, "user_id": null, "session_id": "5a8afc19"}
{"timestamp": "2025-11-10T08:39:48.066161", "level": "DEBUG", "message": "Starting operation: pdf_parsing", "module": "logging_config", "function": "_log", "line_number": 196, "context": null, "error_details": null, "user_id": null, "session_id": "5a8afc19"}
{"timestamp": "2025-11-10T08:39:50.006303", "level": "INFO", "message": "PDF parsed successfully", "module": "logging_config", "function": "_log", "line_number": 196, "context": {"parsed_standards_count": 88}, "error_details": null, "user_id": null, "session_id": "5a8afc19"}
{"timestamp": "2025-11-10T08:39:50.007016", "level": "INFO", "message": "Completed operation: pdf_parsing", "module": "logging_config", "function": "_log", "line_number": 196, "context": {"operation": "pdf_parsing", "duration_seconds": 1.94, "start_time": "2025-11-10T08:39:48.066154", "end_time": "2025-11-10T08:39:50.007001"}, "error_details": null, "user_id": null, "session_id": "5a8afc19"}
{"timestamp": "2025-11-10T08:39:50.007735", "level": "DEBUG", "message": "Starting operation: model_conversion", "module": "logging_config", "function": "_log", "line_number": 196, "context": null, "error_details": null, "user_id": null, "session_id": "5a8afc19"}
{"timestamp": "2025-11-10T08:39:50.008009", "level": "INFO", "message": "Models converted successfully", "module": "logging_config", "function": "_log", "line_number": 196, "context": {"standards_count": 88, "objectives_count": 193}, "error_details": null, "user_id": null, "session_id": "5a8afc19"}
{"timestamp": "2025-11-10T08:39:50.008585", "level": "INFO", "message": "Completed operation: model_conversion", "module": "logging_config", "function": "_log", "line_number": 196, "context": {"operation": "model_conversion", "duration_seconds": 0.0, "start_time": "2025-11-10T08:39:50.007729", "end_time": "2025-11-10T08:39:50.008577"}, "error_details": null, "user_id": null, "session_id": "5a8afc19"}
{"timestamp": "2025-11-10T08:39:50.009232", "level": "DEBUG", "message": "Starting operation: database_save", "module": "logging_config", "function": "_log", "line_number": 196, "context": null, "error_details": null, "user_id": null, "session_id": "5a8afc19"}
{"timestamp": "2025-11-10T08:39:50.010585", "level": "INFO", "message": "Data saved to database", "module": "logging_config", "function": "_log", "line_number": 196, "context": null, "error_details": null, "user_id": null, "session_id": "5a8afc19"}
{"timestamp": "2025-11-10T08:39:50.011182", "level": "INFO", "message": "Completed operation: database_save", "module": "logging_config", "function": "_log", "line_number": 196, "context": {"operation": "database_save", "duration_seconds": 0.0, "start_time": "2025-11-10T08:39:50.009228", "end_time": "2025-11-10T08:39:50.011173"}, "error_details": null, "user_id": null, "session_id": "5a8afc19"}
{"timestamp": "2025-11-10T08:39:50.014146", "level": "INFO", "message": "Standards ingestion completed successfully", "module": "logging_config", "function": "_log", "line_number": 196, "context": {"total_standards": 88, "total_objectives": 193, "average_objectives_per_standard": 2.1931818181818183, "grade_distribution": {"1": 8, "2": 8, "3": 8, "4": 8, "5": 8, "6": 8, "7": 8, "8": 8, "AC": 8, "AD": 8, "K": 8}, "strand_distribution": {"CN": 22, "CR": 22, "PR": 22, "RE": 22}, "extraction_method": "hybrid_fallback"}, "error_details": null, "user_id": null, "session_id": "5a8afc19"}
{"timestamp": "2025-11-10T08:39:50.015035", "level": "INFO", "message": "Completed operation: standards_ingestion", "module": "logging_config", "function": "_log", "line_number": 196, "context": {"operation": "standards_ingestion", "duration_seconds": 1.95, "start_time": "2025-11-10T08:39:48.060483", "end_time": "2025-11-10T08:39:50.015027"}, "error_details": null, "user_id": null, "session_id": "5a8afc19"}
{"timestamp": "2025-11-10T08:47:12.182745", "level": "INFO", "message": "Starting standards ingestion", "module": "logging_config", "function": "_log", "line_number": 196, "context": {"pdf_path": "NC Music Standards and Resources/Final Music NCSCOS - Google Docs.pdf", "db_path": null, "force": true, "use_vision": true}, "error_details": null, "user_id": null, "session_id": "5cc851d6"}
{"timestamp": "2025-11-10T08:47:12.185120", "level": "DEBUG", "message": "Starting operation: standards_ingestion", "module": "logging_config", "function": "_log", "line_number": 196, "context": null, "error_details": null, "user_id": null, "session_id": "5cc851d6"}
{"timestamp": "2025-11-10T08:47:12.185212", "level": "INFO", "message": "PDF file validated", "module": "logging_config", "function": "_log", "line_number": 196, "context": {"file_size": 335826}, "error_details": null, "user_id": null, "session_id": "5cc851d6"}
{"timestamp": "2025-11-10T08:47:12.187981", "level": "INFO", "message": "Database initialized", "module": "logging_config", "function": "_log", "line_number": 196, "context": null, "error_details": null, "user_id": null, "session_id": "5cc851d6"}
{"timestamp": "2025-11-10T08:47:12.190300", "level": "INFO", "message": "Existing standards cleared", "module": "logging_config", "function": "_log", "line_number": 196, "context": null, "error_details": null, "user_id": null, "session_id": "5cc851d6"}
{"timestamp": "2025-11-10T08:47:12.190947", "level": "DEBUG", "message": "Starting operation: pdf_parsing", "module": "logging_config", "function": "_log", "line_number": 196, "context": null, "error_details": null, "user_id": null, "session_id": "5cc851d6"}
{"timestamp": "2025-11-10T09:40:44.581871", "level": "INFO", "message": "Starting auto ingestion with document classification", "module": "logging_config", "function": "_log", "line_number": 196, "context": {"pdf_path": "NC Music Standards and Resources/Final Music NCSCOS - Google Docs.pdf", "db_path": null, "force": false}, "error_details": null, "user_id": null, "session_id": "3f3a8ddc"}
{"timestamp": "2025-11-10T09:40:44.584709", "level": "DEBUG", "message": "Starting operation: auto_ingestion", "module": "logging_config", "function": "_log", "line_number": 196, "context": null, "error_details": null, "user_id": null, "session_id": "3f3a8ddc"}
{"timestamp": "2025-11-10T09:40:44.826800", "level": "INFO", "message": "Database initialized", "module": "logging_config", "function": "_log", "line_number": 196, "context": null, "error_details": null, "user_id": null, "session_id": "3f3a8ddc"}
{"timestamp": "2025-11-10T09:40:44.829415", "level": "INFO", "message": "Standards already exist, skipping ingestion", "module": "logging_config", "function": "_log", "line_number": 196, "context": null, "error_details": null, "user_id": null, "session_id": "3f3a8ddc"}
{"timestamp": "2025-11-10T09:40:44.830079", "level": "INFO", "message": "Completed operation: auto_ingestion", "module": "logging_config", "function": "_log", "line_number": 196, "context": {"operation": "auto_ingestion", "duration_seconds": 0.25, "start_time": "2025-11-10T09:40:44.584695", "end_time": "2025-11-10T09:40:44.830065"}, "error_details": null, "user_id": null, "session_id": "3f3a8ddc"}
{"timestamp": "2025-11-10T09:40:50.319779", "level": "INFO", "message": "Starting auto ingestion with document classification", "module": "logging_config", "function": "_log", "line_number": 196, "context": {"pdf_path": "NC Music Standards and Resources/Kindergarten GM Unpacking - Google Docs.pdf", "db_path": null, "force": false}, "error_details": null, "user_id": null, "session_id": "fa1adf1b"}
{"timestamp": "2025-11-10T09:40:50.333168", "level": "DEBUG", "message": "Starting operation: auto_ingestion", "module": "logging_config", "function": "_log", "line_number": 196, "context": null, "error_details": null, "user_id": null, "session_id": "fa1adf1b"}
{"timestamp": "2025-11-10T09:40:50.486687", "level": "INFO", "message": "Unpacking parser not yet implemented", "module": "logging_config", "function": "_log", "line_number": 196, "context": null, "error_details": null, "user_id": null, "session_id": "fa1adf1b"}
{"timestamp": "2025-11-10T09:40:50.488297", "level": "ERROR", "message": "Auto ingestion failed", "module": "logging_config", "function": "_log", "line_number": 196, "context": {"pdf_path": "NC Music Standards and Resources/Kindergarten GM Unpacking - Google Docs.pdf", "db_path": null}, "error_details": {"type": "Exit", "message": "0", "traceback": "Traceback (most recent call last):\n  File \"/Users/cnowlin/Developer/pocket_musec/cli/commands/ingest.py\", line 230, in auto\n    raise typer.Exit(0)\nclick.exceptions.Exit: 0\n"}, "user_id": null, "session_id": "fa1adf1b"}
{"timestamp": "2025-11-10T09:40:50.493758", "level": "ERROR", "message": "Failed operation: auto_ingestion", "module": "logging_config", "function": "_log", "line_number": 196, "context": {"operation": "auto_ingestion", "duration_seconds": 0.16, "failed": true}, "error_details": {"type": "Exit", "message": "1", "traceback": "Traceback (most recent call last):\n  File \"/Users/cnowlin/Developer/pocket_musec/cli/commands/ingest.py\", line 230, in auto\n    raise typer.Exit(0)\nclick.exceptions.Exit: 0\n\nDuring handling of the above exception, another exception occurred:\n\nTraceback (most recent call last):\n  File \"/Users/cnowlin/Developer/pocket_musec/backend/utils/logging_config.py\", line 270, in log_performance\n    yield\n  File \"/Users/cnowlin/Developer/pocket_musec/cli/commands/ingest.py\", line 256, in auto\n    raise typer.Exit(1)\nclick.exceptions.Exit: 1\n"}, "user_id": null, "session_id": "fa1adf1b"}
{"timestamp": "2025-11-10T09:41:07.129635", "level": "INFO", "message": "Starting auto ingestion with document classification", "module": "logging_config", "function": "_log", "line_number": 196, "context": {"pdf_path": "NC Music Standards and Resources/Kindergarten GM Unpacking - Google Docs.pdf", "db_path": null, "force": false}, "error_details": null, "user_id": null, "session_id": "7022b040"}
{"timestamp": "2025-11-10T09:41:07.131602", "level": "DEBUG", "message": "Starting operation: auto_ingestion", "module": "logging_config", "function": "_log", "line_number": 196, "context": null, "error_details": null, "user_id": null, "session_id": "7022b040"}
{"timestamp": "2025-11-10T09:41:07.257325", "level": "INFO", "message": "Unpacking parser not yet implemented", "module": "logging_config", "function": "_log", "line_number": 196, "context": null, "error_details": null, "user_id": null, "session_id": "7022b040"}
{"timestamp": "2025-11-10T09:41:07.258138", "level": "INFO", "message": "Completed operation: auto_ingestion", "module": "logging_config", "function": "_log", "line_number": 196, "context": {"operation": "auto_ingestion", "duration_seconds": 0.13, "start_time": "2025-11-10T09:41:07.131595", "end_time": "2025-11-10T09:41:07.258128"}, "error_details": null, "user_id": null, "session_id": "7022b040"}
{"timestamp": "2025-11-10T09:41:11.789639", "level": "INFO", "message": "Starting auto ingestion with document classification", "module": "logging_config", "function": "_log", "line_number": 196, "context": {"pdf_path": "NC Music Standards and Resources/Horizontal Alignment - Arts Education Unpacking - Google Docs.pdf", "db_path": null, "force": false}, "error_details": null, "user_id": null, "session_id": "03153ac8"}
{"timestamp": "2025-11-10T09:41:11.791319", "level": "DEBUG", "message": "Starting operation: auto_ingestion", "module": "logging_config", "function": "_log", "line_number": 196, "context": null, "error_details": null, "user_id": null, "session_id": "03153ac8"}
{"timestamp": "2025-11-10T09:41:11.845560", "level": "INFO", "message": "Completed operation: auto_ingestion", "module": "logging_config", "function": "_log", "line_number": 196, "context": {"operation": "auto_ingestion", "duration_seconds": 0.05, "start_time": "2025-11-10T09:41:11.791312", "end_time": "2025-11-10T09:41:11.845543"}, "error_details": null, "user_id": null, "session_id": "03153ac8"}
{"timestamp": "2025-11-10T09:41:54.485512", "level": "INFO", "message": "Starting auto ingestion with document classification", "module": "logging_config", "function": "_log", "line_number": 196, "context": {"pdf_path": "NC Music Standards and Resources/Final Music NCSCOS - Google Docs.pdf", "db_path": null, "force": false}, "error_details": null, "user_id": null, "session_id": "aba971fd"}
{"timestamp": "2025-11-10T09:41:54.487180", "level": "DEBUG", "message": "Starting operation: auto_ingestion", "module": "logging_config", "function": "_log", "line_number": 196, "context": null, "error_details": null, "user_id": null, "session_id": "aba971fd"}
{"timestamp": "2025-11-10T09:41:54.699866", "level": "INFO", "message": "Database initialized", "module": "logging_config", "function": "_log", "line_number": 196, "context": null, "error_details": null, "user_id": null, "session_id": "aba971fd"}
{"timestamp": "2025-11-10T09:41:54.701916", "level": "INFO", "message": "Standards already exist, skipping ingestion", "module": "logging_config", "function": "_log", "line_number": 196, "context": null, "error_details": null, "user_id": null, "session_id": "aba971fd"}
{"timestamp": "2025-11-10T09:41:54.702343", "level": "INFO", "message": "Completed operation: auto_ingestion", "module": "logging_config", "function": "_log", "line_number": 196, "context": {"operation": "auto_ingestion", "duration_seconds": 0.22, "start_time": "2025-11-10T09:41:54.487173", "end_time": "2025-11-10T09:41:54.702334"}, "error_details": null, "user_id": null, "session_id": "aba971fd"}
{"timestamp": "2025-11-10T09:41:54.910982", "level": "INFO", "message": "Starting auto ingestion with document classification", "module": "logging_config", "function": "_log", "line_number": 196, "context": {"pdf_path": "NC Music Standards and Resources/Kindergarten GM Unpacking - Google Docs.pdf", "db_path": null, "force": false}, "error_details": null, "user_id": null, "session_id": "d3c0a0f6"}
{"timestamp": "2025-11-10T09:41:54.912648", "level": "DEBUG", "message": "Starting operation: auto_ingestion", "module": "logging_config", "function": "_log", "line_number": 196, "context": null, "error_details": null, "user_id": null, "session_id": "d3c0a0f6"}
{"timestamp": "2025-11-10T09:41:55.042880", "level": "INFO", "message": "Unpacking parser not yet implemented", "module": "logging_config", "function": "_log", "line_number": 196, "context": null, "error_details": null, "user_id": null, "session_id": "d3c0a0f6"}
{"timestamp": "2025-11-10T09:41:55.043693", "level": "INFO", "message": "Completed operation: auto_ingestion", "module": "logging_config", "function": "_log", "line_number": 196, "context": {"operation": "auto_ingestion", "duration_seconds": 0.13, "start_time": "2025-11-10T09:41:54.912641", "end_time": "2025-11-10T09:41:55.043683"}, "error_details": null, "user_id": null, "session_id": "d3c0a0f6"}
{"timestamp": "2025-11-10T09:41:55.238025", "level": "INFO", "message": "Starting auto ingestion with document classification", "module": "logging_config", "function": "_log", "line_number": 196, "context": {"pdf_path": "NC Music Standards and Resources/First Grade GM Unpacking - Google Docs.pdf", "db_path": null, "force": false}, "error_details": null, "user_id": null, "session_id": "b9404256"}
{"timestamp": "2025-11-10T09:41:55.239596", "level": "DEBUG", "message": "Starting operation: auto_ingestion", "module": "logging_config", "function": "_log", "line_number": 196, "context": null, "error_details": null, "user_id": null, "session_id": "b9404256"}
{"timestamp": "2025-11-10T09:41:55.378853", "level": "INFO", "message": "Unpacking parser not yet implemented", "module": "logging_config", "function": "_log", "line_number": 196, "context": null, "error_details": null, "user_id": null, "session_id": "b9404256"}
{"timestamp": "2025-11-10T09:41:55.379440", "level": "INFO", "message": "Completed operation: auto_ingestion", "module": "logging_config", "function": "_log", "line_number": 196, "context": {"operation": "auto_ingestion", "duration_seconds": 0.14, "start_time": "2025-11-10T09:41:55.239590", "end_time": "2025-11-10T09:41:55.379431"}, "error_details": null, "user_id": null, "session_id": "b9404256"}
{"timestamp": "2025-11-10T09:41:55.574647", "level": "INFO", "message": "Starting auto ingestion with document classification", "module": "logging_config", "function": "_log", "line_number": 196, "context": {"pdf_path": "NC Music Standards and Resources/Horizontal Alignment - Arts Education Unpacking - Google Docs.pdf", "db_path": null, "force": false}, "error_details": null, "user_id": null, "session_id": "87c19415"}
{"timestamp": "2025-11-10T09:41:55.576275", "level": "DEBUG", "message": "Starting operation: auto_ingestion", "module": "logging_config", "function": "_log", "line_number": 196, "context": null, "error_details": null, "user_id": null, "session_id": "87c19415"}
{"timestamp": "2025-11-10T09:41:55.627903", "level": "INFO", "message": "Completed operation: auto_ingestion", "module": "logging_config", "function": "_log", "line_number": 196, "context": {"operation": "auto_ingestion", "duration_seconds": 0.05, "start_time": "2025-11-10T09:41:55.576268", "end_time": "2025-11-10T09:41:55.627886"}, "error_details": null, "user_id": null, "session_id": "87c19415"}
{"timestamp": "2025-11-10T09:41:55.806150", "level": "INFO", "message": "Starting auto ingestion with document classification", "module": "logging_config", "function": "_log", "line_number": 196, "context": {"pdf_path": "NC Music Standards and Resources/Vertical Alignment - Arts Education Unpacking - Google Docs.pdf", "db_path": null, "force": false}, "error_details": null, "user_id": null, "session_id": "5d29cba3"}
{"timestamp": "2025-11-10T09:41:55.807729", "level": "DEBUG", "message": "Starting operation: auto_ingestion", "module": "logging_config", "function": "_log", "line_number": 196, "context": null, "error_details": null, "user_id": null, "session_id": "5d29cba3"}
{"timestamp": "2025-11-10T09:41:55.931746", "level": "INFO", "message": "Unpacking parser not yet implemented", "module": "logging_config", "function": "_log", "line_number": 196, "context": null, "error_details": null, "user_id": null, "session_id": "5d29cba3"}
{"timestamp": "2025-11-10T09:41:55.932340", "level": "INFO", "message": "Completed operation: auto_ingestion", "module": "logging_config", "function": "_log", "line_number": 196, "context": {"operation": "auto_ingestion", "duration_seconds": 0.12, "start_time": "2025-11-10T09:41:55.807722", "end_time": "2025-11-10T09:41:55.932330"}, "error_details": null, "user_id": null, "session_id": "5d29cba3"}
{"timestamp": "2025-11-10T09:41:56.123673", "level": "INFO", "message": "Starting auto ingestion with document classification", "module": "logging_config", "function": "_log", "line_number": 196, "context": {"pdf_path": "NC Music Standards and Resources/1 PAGE QUICK GUIDES GENERAL MUSIC - Google Docs.pdf", "db_path": null, "force": false}, "error_details": null, "user_id": null, "session_id": "431fdd7c"}
{"timestamp": "2025-11-10T09:41:56.125244", "level": "DEBUG", "message": "Starting operation: auto_ingestion", "module": "logging_config", "function": "_log", "line_number": 196, "context": null, "error_details": null, "user_id": null, "session_id": "431fdd7c"}
{"timestamp": "2025-11-10T09:41:56.281972", "level": "INFO", "message": "Completed operation: auto_ingestion", "module": "logging_config", "function": "_log", "line_number": 196, "context": {"operation": "auto_ingestion", "duration_seconds": 0.16, "start_time": "2025-11-10T09:41:56.125237", "end_time": "2025-11-10T09:41:56.281949"}, "error_details": null, "user_id": null, "session_id": "431fdd7c"}
